0 info it worked if it ends with ok
1 verbose cli [ 'C:\\Program Files\\nodejs\\\\node.exe',
1 verbose cli   'C:\\Program Files\\nodejs\\node_modules\\npm\\bin\\npm-cli.js',
1 verbose cli   'link',
1 verbose cli   'gcode-render' ]
2 info using npm@1.4.28
3 info using node@v0.10.35
4 verbose node symlink C:\Program Files\nodejs\\node.exe
5 verbose install where,what [ 'C:\\Users\\Brian\\AppData\\Roaming\\npm',
5 verbose install   [ 'gcode-render' ] ]
6 warn package.json gcode-layers@0.0.1 No README data
7 warn package.json gcode-implicit@0.0.0 No README data
8 warn package.json gcode-pmc@0.0.1 No repository field.
9 warn package.json gcode-pmc@0.0.1 No README data
10 verbose cache add [ 'gcode-render', null ]
11 verbose cache add name=undefined spec="gcode-render" args=["gcode-render",null]
12 verbose parsed url { protocol: null,
12 verbose parsed url   slashes: null,
12 verbose parsed url   auth: null,
12 verbose parsed url   host: null,
12 verbose parsed url   port: null,
12 verbose parsed url   hostname: null,
12 verbose parsed url   hash: null,
12 verbose parsed url   search: null,
12 verbose parsed url   query: null,
12 verbose parsed url   pathname: 'gcode-render',
12 verbose parsed url   path: 'gcode-render',
12 verbose parsed url   href: 'gcode-render' }
13 silly lockFile ba5dff16-gcode-render gcode-render
14 verbose lock gcode-render C:\Users\Brian\AppData\Roaming\npm-cache\ba5dff16-gcode-render.lock
15 silly lockFile ba5dff16-gcode-render gcode-render
16 silly lockFile ba5dff16-gcode-render gcode-render
17 verbose addNamed [ 'gcode-render', '' ]
18 verbose addNamed [ null, '*' ]
19 silly lockFile dead678d-gcode-render gcode-render@
20 verbose lock gcode-render@ C:\Users\Brian\AppData\Roaming\npm-cache\dead678d-gcode-render.lock
21 silly addNameRange { name: 'gcode-render', range: '*', hasData: false }
22 verbose request where is /gcode-render
23 verbose request registry https://registry.npmjs.org/
24 verbose request id 999c9b1fd6015214
25 verbose url raw /gcode-render
26 verbose url resolving [ 'https://registry.npmjs.org/', './gcode-render' ]
27 verbose url resolved https://registry.npmjs.org/gcode-render
28 verbose request where is https://registry.npmjs.org/gcode-render
29 info trying registry request attempt 1 at 13:54:56
30 http GET https://registry.npmjs.org/gcode-render
31 http 404 https://registry.npmjs.org/gcode-render
32 verbose headers { date: 'Sat, 24 Jan 2015 19:54:59 GMT',
32 verbose headers   server: 'CouchDB/1.5.0 (Erlang OTP/R16B03)',
32 verbose headers   'content-type': 'application/json',
32 verbose headers   'cache-control': 'max-age=0',
32 verbose headers   'content-length': '52',
32 verbose headers   'accept-ranges': 'bytes',
32 verbose headers   via: '1.1 varnish',
32 verbose headers   age: '0',
32 verbose headers   'x-served-by': 'cache-ord1735-ORD',
32 verbose headers   'x-cache': 'MISS',
32 verbose headers   'x-cache-hits': '0',
32 verbose headers   'x-timer': 'S1422129299.184956,VS0,VE33',
32 verbose headers   'keep-alive': 'timeout=10, max=50',
32 verbose headers   connection: 'Keep-Alive' }
33 silly registry.get cb [ 404,
33 silly registry.get   { date: 'Sat, 24 Jan 2015 19:54:59 GMT',
33 silly registry.get     server: 'CouchDB/1.5.0 (Erlang OTP/R16B03)',
33 silly registry.get     'content-type': 'application/json',
33 silly registry.get     'cache-control': 'max-age=0',
33 silly registry.get     'content-length': '52',
33 silly registry.get     'accept-ranges': 'bytes',
33 silly registry.get     via: '1.1 varnish',
33 silly registry.get     age: '0',
33 silly registry.get     'x-served-by': 'cache-ord1735-ORD',
33 silly registry.get     'x-cache': 'MISS',
33 silly registry.get     'x-cache-hits': '0',
33 silly registry.get     'x-timer': 'S1422129299.184956,VS0,VE33',
33 silly registry.get     'keep-alive': 'timeout=10, max=50',
33 silly registry.get     connection: 'Keep-Alive' } ]
34 silly lockFile dead678d-gcode-render gcode-render@
35 silly lockFile dead678d-gcode-render gcode-render@
36 error 404 404 Not Found: gcode-render
36 error 404
36 error 404 'gcode-render' is not in the npm registry.
36 error 404 You should bug the author to publish it
36 error 404
36 error 404 Note that you can also install from a
36 error 404 tarball, folder, or http url, or git url.
37 error System Windows_NT 6.1.7601
38 error command "C:\\Program Files\\nodejs\\\\node.exe" "C:\\Program Files\\nodejs\\node_modules\\npm\\bin\\npm-cli.js" "link" "gcode-render"
39 error cwd C:\Users\Brian\Documents\GitHub\gcode-gui
40 error node -v v0.10.35
41 error npm -v 1.4.28
42 error code E404
43 verbose exit [ 1, true ]
